  AbstractPage.cpp
  Board.cpp
D:\ScrabbleGame\Board.cpp(11,104): warning C4244: 'argument': conversion from 'double' to 'const float', possible loss of data
D:\ScrabbleGame\Board.cpp(11,59): warning C4244: 'argument': conversion from 'double' to 'const float', possible loss of data
D:\ScrabbleGame\Board.cpp(25,87): warning C4244: 'argument': conversion from 'double' to 'const float', possible loss of data
D:\ScrabbleGame\Board.cpp(25,46): warning C4244: 'argument': conversion from 'double' to 'const float', possible loss of data
D:\ScrabbleGame\Board.cpp(29,87): warning C4244: 'argument': conversion from 'double' to 'const float', possible loss of data
D:\ScrabbleGame\Board.cpp(29,46): warning C4244: 'argument': conversion from 'double' to 'const float', possible loss of data
D:\ScrabbleGame\Board.cpp(31,91): warning C4244: 'argument': conversion from 'double' to 'const float', possible loss of data
D:\ScrabbleGame\Board.cpp(31,50): warning C4244: 'argument': conversion from 'double' to 'const float', possible loss of data
  Button.cpp
D:\ScrabbleGame\Button.cpp(57,61): warning C4244: 'argument': conversion from 'float' to 'T', possible loss of data
          with
          [
              T=int
          ]
D:\ScrabbleGame\Button.cpp(57,52): warning C4244: 'argument': conversion from 'float' to 'T', possible loss of data
          with
          [
              T=int
          ]
  Game.cpp
  GameOver.cpp
  Guide.cpp
  main.cpp
D:\ScrabbleGame\main.cpp(84,96): warning C4244: 'argument': conversion from 'float' to 'T', possible loss of data
          with
          [
              T=int
          ]
D:\ScrabbleGame\main.cpp(84,75): warning C4244: 'argument': conversion from 'float' to 'T', possible loss of data
          with
          [
              T=int
          ]
  Menu.cpp
  Misc.cpp
D:\ScrabbleGame\Misc.cpp(131,12): warning C4244: 'argument': conversion from 'time_t' to 'unsigned int', possible loss of data
  Player.cpp
  PlayerReader.cpp
  PlayerWriter.cpp
  Scrabblegame.cpp
  Slot.cpp
  Texture.cpp
D:\ScrabbleGame\Texture.cpp(48,23): warning C4244: '=': conversion from 'float' to 'T', possible loss of data
          with
          [
              T=int
          ]
D:\ScrabbleGame\Texture.cpp(53,20): warning C4244: '=': conversion from 'float' to 'T', possible loss of data
          with
          [
              T=int
          ]
D:\ScrabbleGame\Texture.cpp(58,25): warning C4244: '=': conversion from 'float' to 'T', possible loss of data
          with
          [
              T=int
          ]
D:\ScrabbleGame\Texture.cpp(63,26): warning C4244: '=': conversion from 'float' to 'T', possible loss of data
          with
          [
              T=int
          ]
D:\ScrabbleGame\Texture.cpp(79,130): warning C4244: 'argument': conversion from 'float' to 'T', possible loss of data
          with
          [
              T=int
          ]
D:\ScrabbleGame\Texture.cpp(79,111): warning C4244: 'argument': conversion from 'float' to 'T', possible loss of data
          with
          [
              T=int
          ]
D:\ScrabbleGame\Texture.cpp(79,93): warning C4244: 'argument': conversion from 'float' to 'T', possible loss of data
          with
          [
              T=int
          ]
D:\ScrabbleGame\Texture.cpp(79,76): warning C4244: 'argument': conversion from 'float' to 'T', possible loss of data
          with
          [
              T=int
          ]
  TextWriter.cpp
  Timer.cpp
D:\ScrabbleGame\Timer.cpp(3,40): warning C4227: anachronism used: qualifiers on reference are ignored
D:\ScrabbleGame\Timer.cpp(29,35): warning C4244: '=': conversion from '__int64' to 'int', possible loss of data
  TopPage.cpp
D:\ScrabbleGame\TopPage.cpp(36,40): warning C4267: 'initializing': conversion from 'size_t' to 'int', possible loss of data
  Window.cpp
  Generating code
D:\ScrabbleGame\Scrabblegame.cpp(99): warning C4715: 'ScrabbleGame::letterScore': not all control paths return a value
  1086 of 1088 functions (99.8%) were compiled, the rest were copied from previous compilation.
    985 functions were new in current compilation
    0 functions had inline decision re-evaluated but remain unchanged
  Finished generating code
  ScrabbleGame.vcxproj -> D:\ScrabbleGame\x64\Release\ScrabbleGame.exe
